[08-Oct-2024 17:30:08 UTC] PHP Fatal error:  Uncaught Error: Call to undefined function librewoo_trigger_log() in /var/www/html/wp-content/plugins/WoocommerceAPITrigger-triggerAPI/includes/librewoo-order-confirmed.php:97
Stack trace:
#0 /var/www/html/wp-content/plugins/WoocommerceAPITrigger-triggerAPI/includes/librewoo-order-confirmed.php(47): WooOrderComplete->librewoo_trigger(Array)
#1 /var/www/html/wp-includes/class-wp-hook.php(326): WooOrderComplete->order_complete_message(114)
#2 /var/www/html/wp-includes/class-wp-hook.php(348): WP_Hook->apply_filters('', Array)
#3 /var/www/html/wp-includes/plugin.php(517): WP_Hook->do_action(Array)
#4 /var/www/html/wp-content/plugins/woocommerce/includes/class-wc-order.php(411): do_action('woocommerce_ord...', 114, Object(Automattic\WooCommerce\Admin\Overrides\Order), Array)
#5 /var/www/html/wp-content/plugins/woocommerce/includes/class-wc-order.php(253): WC_Order->status_transition()
#6 /var/www/html/wp-content/plugins/woocommerce/includes/class-wc-order.php(151): WC_Order->save()
#7 /var/www/html/wp-content/plugins/woocommerce-gateway-stripe/includes/abstracts/abstract-wc-stripe-payment-gateway.php(586): WC_Order->payment_complete('ch_3Q7hEXC5AfOH...')
#8 /var/www/html/wp-content/plugins/woocommerce-gateway-stripe/includes/payment-methods/class-wc-stripe-upe-payment-gateway.php(894): WC_Stripe_Payment_Gateway->process_response(Object(stdClass), Object(Automattic\WooCommerce\Admin\Overrides\Order))
#9 /var/www/html/wp-content/plugins/woocommerce-gateway-stripe/includes/payment-methods/class-wc-stripe-upe-payment-gateway.php(628): WC_Stripe_UPE_Payment_Gateway->process_payment_with_deferred_intent(114)
#10 /var/www/html/wp-content/plugins/woocommerce/src/StoreApi/Legacy.php(54): WC_Stripe_UPE_Payment_Gateway->process_payment(114)
#11 /var/www/html/wp-includes/class-wp-hook.php(324): Automattic\WooCommerce\StoreApi\Legacy->process_legacy_payment(Object(Automattic\WooCommerce\StoreApi\Payments\PaymentContext), Object(Automattic\WooCommerce\StoreApi\Payments\PaymentResult))
#12 /var/www/html/wp-includes/class-wp-hook.php(348): WP_Hook->apply_filters(NULL, Array)
#13 /var/www/html/wp-includes/plugin.php(565): WP_Hook->do_action(Array)
#14 /var/www/html/wp-content/plugins/woocommerce/src/StoreApi/Utilities/CheckoutTrait.php(83): do_action_ref_array('woocommerce_res...', Array)
#15 /var/www/html/wp-content/plugins/woocommerce/src/StoreApi/Routes/V1/Checkout.php(349): Automattic\WooCommerce\StoreApi\Routes\V1\Checkout->process_payment(Object(WP_REST_Request), Object(Automattic\WooCommerce\StoreApi\Payments\PaymentResult))
#16 /var/www/html/wp-content/plugins/woocommerce/src/StoreApi/Routes/V1/AbstractRoute.php(119): Automattic\WooCommerce\StoreApi\Routes\V1\Checkout->get_route_post_response(Object(WP_REST_Request))
#17 /var/www/html/wp-content/plugins/woocommerce/src/StoreApi/Routes/V1/Checkout.php(138): Automattic\WooCommerce\StoreApi\Routes\V1\AbstractRoute->get_response_by_request_method(Object(WP_REST_Request))
#18 /var/www/html/wp-includes/rest-api/class-wp-rest-server.php(1230): Automattic\WooCommerce\StoreApi\Routes\V1\Checkout->get_response(Object(WP_REST_Request))
#19 /var/www/html/wp-includes/rest-api/class-wp-rest-server.php(1063): WP_REST_Server->respond_to_request(Object(WP_REST_Request), '/wc/store/v1/ch...', Array, NULL)
#20 /var/www/html/wp-includes/rest-api/class-wp-rest-server.php(439): WP_REST_Server->dispatch(Object(WP_REST_Request))
#21 /var/www/html/wp-includes/rest-api.php(420): WP_REST_Server->serve_request('/wc/store/v1/ch...')
#22 /var/www/html/wp-includes/class-wp-hook.php(324): rest_api_loaded(Object(WP))
#23 /var/www/html/wp-includes/class-wp-hook.php(348): WP_Hook->apply_filters(NULL, Array)
#24 /var/www/html/wp-includes/plugin.php(565): WP_Hook->do_action(Array)
#25 /var/www/html/wp-includes/class-wp.php(418): do_action_ref_array('parse_request', Array)
#26 /var/www/html/wp-includes/class-wp.php(813): WP->parse_request('')
#27 /var/www/html/wp-includes/functions.php(1336): WP->main('')
#28 /var/www/html/wp-blog-header.php(16): wp()
#29 /var/www/html/index.php(17): require('/var/www/html/w...')
#30 {main}
  thrown in /var/www/html/wp-content/plugins/WoocommerceAPITrigger-triggerAPI/includes/librewoo-order-confirmed.php on line 97
[08-Oct-2024 17:31:13 UTC] LibreSign: Processing...
[08-Oct-2024 17:31:13 UTC] LibreSign: Name: Andre Ranulfo Email: andre_ranulfo@hotmail.com Quota: Pro
